17:45:03.327 [main] INFO  org.testng.internal.Utils - [TestNG] Running:
  /Users/yogev/Library/Caches/JetBrains/IdeaIC2024.3/temp-testng-customsuite.xml

17:45:04.425 [main] INFO  io.github.bonigarcia.wdm.WebDriverManager - Using chromedriver 131.0.6778.264 (resolved driver for Chrome 131)
17:45:04.438 [main] INFO  io.github.bonigarcia.wdm.WebDriverManager - Exporting webdriver.chrome.driver as /Users/yogev/.cache/selenium/chromedriver/mac-arm64/131.0.6778.264/chromedriver
18:12:41.974 [main] INFO  org.testng.internal.Utils - [TestNG] Running:
  /Users/yogev/Library/Caches/JetBrains/IdeaIC2024.3/temp-testng-customsuite.xml

18:12:42.155 [main] INFO  io.github.bonigarcia.wdm.WebDriverManager - Using chromedriver 131.0.6778.264 (resolved driver for Chrome 131)
18:12:42.168 [main] INFO  io.github.bonigarcia.wdm.WebDriverManager - Exporting webdriver.chrome.driver as /Users/yogev/.cache/selenium/chromedriver/mac-arm64/131.0.6778.264/chromedriver
21:03:14.568 [main] INFO  org.testng.internal.Utils - [TestNG] Running:
  /Users/yogev/Library/Caches/JetBrains/IdeaIC2024.3/temp-testng-customsuite.xml

21:03:15.169 [main] INFO  io.github.bonigarcia.wdm.WebDriverManager - Using chromedriver 131.0.6778.264 (resolved driver for Chrome 131)
21:03:15.181 [main] INFO  io.github.bonigarcia.wdm.WebDriverManager - Exporting webdriver.chrome.driver as /Users/yogev/.cache/selenium/chromedriver/mac-arm64/131.0.6778.264/chromedriver
21:20:13.983 [main] INFO  org.testng.internal.Utils - [TestNG] Running:
  /Users/yogev/Library/Caches/JetBrains/IdeaIC2024.3/temp-testng-customsuite.xml

21:20:14.153 [main] INFO  io.github.bonigarcia.wdm.WebDriverManager - Using chromedriver 131.0.6778.264 (resolved driver for Chrome 131)
21:20:14.162 [main] INFO  io.github.bonigarcia.wdm.WebDriverManager - Exporting webdriver.chrome.driver as /Users/yogev/.cache/selenium/chromedriver/mac-arm64/131.0.6778.264/chromedriver
21:20:16.236 [main] INFO  tests.HomePageTest - WebDriver setup complete: chrome, https://automationexercise.com/
21:20:16.250 [main] INFO  tests.HomePageTest - Starting the HomePage test
21:20:17.742 [main] INFO  tests.HomePageTest - HomePage test passed
21:43:00.991 [main] INFO  org.testng.internal.Utils - [TestNG] Running:
  /Users/yogev/Library/Caches/JetBrains/IdeaIC2024.3/temp-testng-customsuite.xml

21:43:01.155 [main] INFO  io.github.bonigarcia.wdm.WebDriverManager - Using chromedriver 131.0.6778.264 (resolved driver for Chrome 131)
21:43:01.165 [main] INFO  io.github.bonigarcia.wdm.WebDriverManager - Exporting webdriver.chrome.driver as /Users/yogev/.cache/selenium/chromedriver/mac-arm64/131.0.6778.264/chromedriver
21:43:04.928 [main] INFO  tests.HomePageTest - WebDriver setup complete: chrome, https://automationexercise.com/
21:43:04.943 [main] INFO  tests.HomePageTest - Starting the HomePage test
21:43:04.958 [main] INFO  tests.HomePageTest - HomePage test passed
21:43:06.111 [main] INFO  tests.HomePageTest - ContactUsPage test passed
21:46:35.251 [main] INFO  org.testng.internal.Utils - [TestNG] Running:
  /Users/yogev/Library/Caches/JetBrains/IdeaIC2024.3/temp-testng-customsuite.xml

21:46:35.428 [main] INFO  io.github.bonigarcia.wdm.WebDriverManager - Using chromedriver 131.0.6778.264 (resolved driver for Chrome 131)
21:46:35.441 [main] INFO  io.github.bonigarcia.wdm.WebDriverManager - Exporting webdriver.chrome.driver as /Users/yogev/.cache/selenium/chromedriver/mac-arm64/131.0.6778.264/chromedriver
21:46:38.859 [main] INFO  tests.HomePageTest - WebDriver setup complete: chrome, https://automationexercise.com/
21:46:38.873 [main] INFO  tests.HomePageTest - Starting the HomePage test
21:46:38.885 [main] INFO  tests.HomePageTest - HomePage test passed
21:46:38.888 [main] INFO  tests.HomePageTest - Starting the ContactUsPage test
21:46:40.580 [main] INFO  tests.HomePageTest - ContactUsPage test passed
22:16:35.225 [main] INFO  org.testng.internal.Utils - [TestNG] Running:
  /Users/yogev/Library/Caches/JetBrains/IdeaIC2024.3/temp-testng-customsuite.xml

22:16:35.783 [main] INFO  io.github.bonigarcia.wdm.WebDriverManager - Using chromedriver 131.0.6778.264 (resolved driver for Chrome 131)
22:16:35.794 [main] INFO  io.github.bonigarcia.wdm.WebDriverManager - Exporting webdriver.chrome.driver as /Users/yogev/.cache/selenium/chromedriver/mac-arm64/131.0.6778.264/chromedriver
22:16:37.841 [main] INFO  tests.HomePageTest - WebDriver setup complete: chrome, https://automationexercise.com/
22:16:37.852 [main] INFO  tests.HomePageTest - Starting the HomePage test
22:18:53.165 [main] INFO  org.testng.internal.Utils - [TestNG] Running:
  /Users/yogev/Library/Caches/JetBrains/IdeaIC2024.3/temp-testng-customsuite.xml

22:18:53.340 [main] INFO  io.github.bonigarcia.wdm.WebDriverManager - Using chromedriver 131.0.6778.264 (resolved driver for Chrome 131)
22:18:53.350 [main] INFO  io.github.bonigarcia.wdm.WebDriverManager - Exporting webdriver.chrome.driver as /Users/yogev/.cache/selenium/chromedriver/mac-arm64/131.0.6778.264/chromedriver
22:18:55.338 [main] INFO  tests.HomePageTest - WebDriver setup complete: chrome, https://automationexercise.com/
22:18:55.353 [main] INFO  tests.HomePageTest - Starting the HomePage test
22:18:57.656 [main] INFO  tests.HomePageTest - HomePage test passed - arrived at HomePage
22:20:57.695 [main] INFO  org.testng.internal.Utils - [TestNG] Running:
  /Users/yogev/Library/Caches/JetBrains/IdeaIC2024.3/temp-testng-customsuite.xml

22:20:57.872 [main] INFO  io.github.bonigarcia.wdm.WebDriverManager - Using chromedriver 131.0.6778.264 (resolved driver for Chrome 131)
22:20:57.882 [main] INFO  io.github.bonigarcia.wdm.WebDriverManager - Exporting webdriver.chrome.driver as /Users/yogev/.cache/selenium/chromedriver/mac-arm64/131.0.6778.264/chromedriver
22:20:59.835 [main] INFO  tests.HomePageTest - WebDriver setup complete: chrome, https://automationexercise.com/
22:20:59.847 [main] INFO  tests.HomePageTest - Starting the HomePage test
22:21:02.188 [main] INFO  tests.HomePageTest - HomePage test passed - arrived at HomePage
22:28:55.263 [main] INFO  org.testng.internal.Utils - [TestNG] Running:
  /Users/yogev/Library/Caches/JetBrains/IdeaIC2024.3/temp-testng-customsuite.xml

22:28:55.458 [main] INFO  io.github.bonigarcia.wdm.WebDriverManager - Using chromedriver 131.0.6778.264 (resolved driver for Chrome 131)
22:28:55.470 [main] INFO  io.github.bonigarcia.wdm.WebDriverManager - Exporting webdriver.chrome.driver as /Users/yogev/.cache/selenium/chromedriver/mac-arm64/131.0.6778.264/chromedriver
22:28:58.807 [main] INFO  tests.HomePageTest - WebDriver setup complete: chrome, https://automationexercise.com/
22:28:58.824 [main] INFO  tests.HomePageTest - Starting the HomePage test
22:29:00.586 [main] INFO  tests.HomePageTest - HomePage test passed - arrived at HomePage
22:30:06.394 [main] INFO  org.testng.internal.Utils - [TestNG] Running:
  /Users/yogev/Library/Caches/JetBrains/IdeaIC2024.3/temp-testng-customsuite.xml

22:30:06.574 [main] INFO  io.github.bonigarcia.wdm.WebDriverManager - Using chromedriver 131.0.6778.264 (resolved driver for Chrome 131)
22:30:06.584 [main] INFO  io.github.bonigarcia.wdm.WebDriverManager - Exporting webdriver.chrome.driver as /Users/yogev/.cache/selenium/chromedriver/mac-arm64/131.0.6778.264/chromedriver
22:30:09.967 [main] INFO  tests.HomePageTest - WebDriver setup complete: chrome, https://automationexercise.com/
22:30:09.981 [main] INFO  tests.HomePageTest - Starting the HomePage test
22:30:12.495 [main] INFO  tests.HomePageTest - HomePage test passed - arrived at HomePage with status code 200
22:21:39.735 [main] INFO  org.testng.internal.Utils - [TestNG] Running:
  /Users/yogev/Library/Caches/JetBrains/IdeaIC2024.3/temp-testng-customsuite.xml

22:21:40.904 [main] INFO  io.github.bonigarcia.wdm.WebDriverManager - Using chromedriver 131.0.6778.264 (resolved driver for Chrome 131)
22:21:40.917 [main] INFO  io.github.bonigarcia.wdm.WebDriverManager - Exporting webdriver.chrome.driver as /Users/yogev/.cache/selenium/chromedriver/mac-arm64/131.0.6778.264/chromedriver
22:21:42.955 [main] INFO  tests.HomePageTest - WebDriver setup complete: chrome, https://automationexercise.com/
22:21:42.968 [main] INFO  tests.HomePageTest - Starting the HomePage test
22:21:46.469 [main] INFO  tests.HomePageTest - HomePage test passed - arrived at HomePage with status code 200
22:21:46.475 [main] INFO  tests.HomePageTest - Starting the ContactUsPage test
22:21:47.722 [main] INFO  tests.HomePageTest - ContactUsPage test passed - arrived at ContactUsPage
22:34:22.538 [main] INFO  org.testng.internal.Utils - [TestNG] Running:
  /Users/yogev/Library/Caches/JetBrains/IdeaIC2024.3/temp-testng-customsuite.xml

22:34:22.723 [main] INFO  io.github.bonigarcia.wdm.WebDriverManager - Using chromedriver 131.0.6778.264 (resolved driver for Chrome 131)
22:34:22.732 [main] INFO  io.github.bonigarcia.wdm.WebDriverManager - Exporting webdriver.chrome.driver as /Users/yogev/.cache/selenium/chromedriver/mac-arm64/131.0.6778.264/chromedriver
22:34:24.661 [main] INFO  tests.HomePageTest - WebDriver setup complete: chrome, https://automationexercise.com/
22:34:24.671 [main] INFO  tests.HomePageTest - Starting the HomePage test
22:34:28.196 [main] INFO  tests.HomePageTest - HomePage test passed - arrived at HomePage with status code 200
22:34:28.207 [main] INFO  tests.HomePageTest - Starting the ContactUsPage test
22:34:29.479 [main] INFO  tests.HomePageTest - ContactUsPage test passed - arrived at ContactUsPage
22:46:44.561 [main] INFO  org.testng.internal.Utils - [TestNG] Running:
  /Users/yogev/Library/Caches/JetBrains/IdeaIC2024.3/temp-testng-customsuite.xml

22:46:44.744 [main] INFO  io.github.bonigarcia.wdm.WebDriverManager - Using chromedriver 131.0.6778.264 (resolved driver for Chrome 131)
22:46:44.756 [main] INFO  io.github.bonigarcia.wdm.WebDriverManager - Exporting webdriver.chrome.driver as /Users/yogev/.cache/selenium/chromedriver/mac-arm64/131.0.6778.264/chromedriver
22:46:48.397 [main] INFO  tests.HomePageTest - WebDriver setup complete: chrome, https://automationexercise.com/
22:46:48.412 [main] INFO  tests.HomePageTest - Starting the HomePage test
22:46:51.056 [main] INFO  tests.HomePageTest - HomePage test passed - arrived at HomePage with status code 200
22:46:51.067 [main] INFO  tests.HomePageTest - Starting the ContactUsPage test
22:46:52.272 [main] INFO  tests.HomePageTest - ContactUsPage test passed - arrived at ContactUsPage
22:47:44.762 [main] INFO  org.testng.internal.Utils - [TestNG] Running:
  /Users/yogev/Library/Caches/JetBrains/IdeaIC2024.3/temp-testng-customsuite.xml

22:47:44.943 [main] INFO  io.github.bonigarcia.wdm.WebDriverManager - Using chromedriver 131.0.6778.264 (resolved driver for Chrome 131)
22:47:44.952 [main] INFO  io.github.bonigarcia.wdm.WebDriverManager - Exporting webdriver.chrome.driver as /Users/yogev/.cache/selenium/chromedriver/mac-arm64/131.0.6778.264/chromedriver
22:47:48.220 [main] INFO  tests.HomePageTest - WebDriver setup complete: chrome, https://automationexercise.com/
22:47:48.236 [main] INFO  tests.HomePageTest - Starting the HomePage test
22:47:50.757 [main] INFO  tests.HomePageTest - HomePage test passed - arrived at HomePage with status code 200
22:47:50.768 [main] INFO  tests.HomePageTest - Starting the ContactUsPage test
22:47:51.931 [main] INFO  tests.HomePageTest - ContactUsPage test passed - arrived at ContactUsPage
22:47:51.961 [main] INFO  tests.HomePageTest - Get in touch is visible
22:56:34.816 [main] INFO  org.testng.internal.Utils - [TestNG] Running:
  /Users/yogev/Library/Caches/JetBrains/IdeaIC2024.3/temp-testng-customsuite.xml

22:56:34.989 [main] INFO  io.github.bonigarcia.wdm.WebDriverManager - Using chromedriver 131.0.6778.264 (resolved driver for Chrome 131)
22:56:34.999 [main] INFO  io.github.bonigarcia.wdm.WebDriverManager - Exporting webdriver.chrome.driver as /Users/yogev/.cache/selenium/chromedriver/mac-arm64/131.0.6778.264/chromedriver
22:56:36.928 [main] INFO  tests.HomePageTest - WebDriver setup complete: chrome, https://automationexercise.com/
22:56:36.938 [main] INFO  tests.HomePageTest - Starting the HomePage test
22:56:40.794 [main] INFO  tests.HomePageTest - HomePage test passed - arrived at HomePage with status code 200
22:56:40.806 [main] INFO  tests.HomePageTest - Starting the ContactUsPage test
22:56:42.381 [main] INFO  tests.HomePageTest - ContactUsPage test passed - arrived at ContactUsPage
22:56:42.412 [main] INFO  tests.HomePageTest - Get in touch is visible
23:14:46.289 [main] INFO  org.testng.internal.Utils - [TestNG] Running:
  /Users/yogev/Library/Caches/JetBrains/IdeaIC2024.3/temp-testng-customsuite.xml

23:14:46.473 [main] INFO  io.github.bonigarcia.wdm.WebDriverManager - Using chromedriver 131.0.6778.264 (resolved driver for Chrome 131)
23:14:46.485 [main] INFO  io.github.bonigarcia.wdm.WebDriverManager - Exporting webdriver.chrome.driver as /Users/yogev/.cache/selenium/chromedriver/mac-arm64/131.0.6778.264/chromedriver
23:14:48.496 [main] INFO  tests.HomePageTest - WebDriver setup complete: chrome, https://automationexercise.com/
23:14:48.510 [main] INFO  tests.HomePageTest - Starting the HomePage test
23:15:29.994 [main] INFO  org.testng.internal.Utils - [TestNG] Running:
  /Users/yogev/Library/Caches/JetBrains/IdeaIC2024.3/temp-testng-customsuite.xml

23:15:30.167 [main] INFO  io.github.bonigarcia.wdm.WebDriverManager - Using chromedriver 131.0.6778.264 (resolved driver for Chrome 131)
23:15:30.176 [main] INFO  io.github.bonigarcia.wdm.WebDriverManager - Exporting webdriver.chrome.driver as /Users/yogev/.cache/selenium/chromedriver/mac-arm64/131.0.6778.264/chromedriver
23:15:32.059 [main] INFO  tests.HomePageTest - WebDriver setup complete: chrome, https://automationexercise.com/
23:15:32.075 [main] INFO  tests.HomePageTest - Starting the HomePage test
23:15:37.263 [main] INFO  tests.HomePageTest - HomePage test passed - arrived at HomePage with status code 200
23:15:37.274 [main] INFO  tests.HomePageTest - Starting the ContactUsPage test
23:15:38.526 [main] INFO  tests.HomePageTest - ContactUsPage test passed - arrived at ContactUsPage
23:15:38.558 [main] INFO  tests.HomePageTest - Get in touch is visible
